2025-12-15 07:04:13.985+0000 INFO  [o.n.g.f.m.GlobalModule] Logging config in use: File '/var/lib/neo4j/conf/server-logs.xml'
2025-12-15 07:04:14.049+0000 WARN  [o.n.k.i.JvmChecker] The initial heap memory has not been configured. It is recommended that it is always explicitly configured, to ensure the system has a balanced configuration. Until then, a JVM computed heuristic of 130023424 bytes is used instead. If you are running neo4j server, you need to configure server.memory.heap.initial_size in neo4j.conf. If you are running neo4j embedded, you have to launch the JVM with -Xms set to a value. You can run neo4j-admin server memory-recommendation for memory configuration suggestions.
2025-12-15 07:04:14.111+0000 INFO  [o.n.i.d.DiagnosticsManager] 
                                                                ********************************************************************************
                                                                                             [ System diagnostics ]                             
                                                                ********************************************************************************
                                                                --------------------------------------------------------------------------------
                                                                                         [ System memory information ]                          
                                                                --------------------------------------------------------------------------------
                                                                Total Physical memory: 7.654GiB
                                                                Free Physical memory: 2.776GiB
                                                                Committed virtual memory: 5.715GiB
                                                                Total swap space: 1024MiB
                                                                Free swap space: 1024MiB
                                                                
                                                                --------------------------------------------------------------------------------
                                                                                           [ JVM memory information ]                           
                                                                --------------------------------------------------------------------------------
                                                                Free  memory: 65.72MiB
                                                                Total memory: 94.00MiB
                                                                Max   memory: 2.000GiB
                                                                Garbage Collector: G1 Young Generation: [G1 Eden Space, G1 Survivor Space, G1 Old Gen]
                                                                Garbage Collector: G1 Old Generation: [G1 Eden Space, G1 Survivor Space, G1 Old Gen]
                                                                Memory Pool: CodeHeap 'non-nmethods' (Non-heap memory): committed=2.438MiB, used=1.208MiB, max=5.570MiB, threshold=0B
                                                                Memory Pool: Metaspace (Non-heap memory): committed=21.75MiB, used=21.46MiB, max=-1B, threshold=0B
                                                                Memory Pool: CodeHeap 'profiled nmethods' (Non-heap memory): committed=5.625MiB, used=5.577MiB, max=117.2MiB, threshold=0B
                                                                Memory Pool: Compressed Class Space (Non-heap memory): committed=2.438MiB, used=2.309MiB, max=1.000GiB, threshold=0B
                                                                Memory Pool: G1 Eden Space (Heap memory): committed=68.00MiB, used=2.000MiB, max=-1B, threshold=?
                                                                Memory Pool: G1 Old Gen (Heap memory): committed=23.00MiB, used=22.83MiB, max=2.000GiB, threshold=0B
                                                                Memory Pool: G1 Survivor Space (Heap memory): committed=3.000MiB, used=2.450MiB, max=-1B, threshold=?
                                                                Memory Pool: CodeHeap 'non-profiled nmethods' (Non-heap memory): committed=2.438MiB, used=1.881MiB, max=117.2MiB, threshold=0B
                                                                
                                                                --------------------------------------------------------------------------------
                                                                                        [ Operating system information ]                        
                                                                --------------------------------------------------------------------------------
                                                                Operating System: Linux; version: 6.10.14-linuxkit; arch: aarch64; cpus: 10
                                                                Max number of file descriptors: 1048576
                                                                Number of open file descriptors: 190
                                                                Process id: 7
                                                                Byte order: LITTLE_ENDIAN
                                                                Local timezone: Etc/UTC
                                                                Memory page size: 4096
                                                                Unaligned memory access allowed: true
                                                                
                                                                --------------------------------------------------------------------------------
                                                                                              [ JVM information ]                               
                                                                --------------------------------------------------------------------------------
                                                                VM Name: OpenJDK 64-Bit Server VM
                                                                VM Vendor: Eclipse Adoptium
                                                                VM Version: 17.0.9+9
                                                                JIT compiler: HotSpot 64-Bit Tiered Compilers
                                                                VM Arguments: [-XX:+UseG1GC, -XX:-OmitStackTraceInFastThrow, -XX:+AlwaysPreTouch, -XX:+UnlockExperimentalVMOptions, -XX:+TrustFinalNonStaticFields, -XX:+DisableExplicitGC, -Djdk.nio.maxCachedBufferSize=1024, -Dio.netty.tryReflectionSetAccessible=true, -Djdk.tls.ephemeralDHKeySize=2048, -Djdk.tls.rejectClientInitiatedRenegotiation=true, -XX:FlightRecorderOptions=stackdepth=256, -XX:+UnlockDiagnosticVMOptions, -XX:+DebugNonSafepoints, --add-opens=java.base/java.nio=ALL-UNNAMED, --add-opens=java.base/java.io=ALL-UNNAMED, --add-opens=java.base/sun.nio.ch=ALL-UNNAMED, -Dlog4j2.disable.jmx=true, -Dfile.encoding=UTF-8, -Xmx2097152k]
                                                                
                                                                --------------------------------------------------------------------------------
                                                                                               [ Java classpath ]                               
                                                                --------------------------------------------------------------------------------
                                                                 [classpath] /var/lib/neo4j/lib/commons-lang3-3.13.0.jar
                                                                 [classpath] /var/lib/neo4j/lib/shiro-cache-1.13.0.jar
                                                                 [classpath] /var/lib/neo4j/lib/neo4j-import-tool-5.15.0.jar
                                                                 [classpath] /var/lib/neo4j/lib/jetty-security-10.0.17.jar
                                                                 [classpath] /var/lib/neo4j/lib/netty-common-4.1.100.Final.jar
                                                                 [classpath] /var/lib/neo4j/lib/jPowerShell-3.0.jar
                                                                 [classpath] /var/lib/neo4j/lib/netty-tcnative-classes-2.0.61.Final.jar
                                                                 [classpath] /var/lib/neo4j/lib/netty-transport-4.1.100.Final.jar
                                                                 [classpath] /var/lib/neo4j/lib/mercator_2.13-0.2.1.jar
                                                                 [classpath] /var/lib/neo4j/lib/neo4j-5.15.0.jar
                                                                 [classpath] /var/lib/neo4j/lib/neo4j-push-to-cloud-5.15.0.jar
                                                                 [classpath] /var/lib/neo4j/lib/neo4j-cypher-ast-factory-5.15.0.jar
                                                                 [classpath] /var/lib/neo4j/lib/jaxb-runtime-2.3.2.jar
                                                                 [classpath] /var/lib/neo4j/lib/reactive-streams-1.0.4.jar
                                                                 [classpath] /var/lib/neo4j/lib/server-api-5.15.0.jar
                                                                 [classpath] /var/lib/neo4j/lib/neo4j-procedure-5.15.0.jar
                                                                 [classpath] /var/lib/neo4j/lib/neo4j-security-5.15.0.jar
                                                                 [classpath] /var/lib/neo4j/lib/javassist-3.25.0-GA.jar
                                                                 [classpath] /var/lib/neo4j/lib/commons-io-2.15.0.jar
                                                                 [classpath] /var/lib/neo4j/lib/neo4j-codegen-5.15.0.jar
                                                                 [classpath] /var/lib/neo4j/lib/jersey-container-servlet-2.34.jar
                                                                 [classpath] /var/lib/neo4j/lib/caffeine-3.1.8.jar
                                                                 [classpath] /var/lib/neo4j/lib/commons-configuration2-2.9.0.jar
                                                                 [classpath] /var/lib/neo4j/lib/neo4j-kernel-api-5.15.0.jar
                                                                 [classpath] /var/lib/neo4j/lib/shiro-core-1.13.0.jar
                                                                 [classpath] /var/lib/neo4j/lib/scala-library-2.13.11.jar
                                                                 [classpath] /var/lib/neo4j/lib/jetty-io-10.0.17.jar
                                                                 [classpath] /var/lib/neo4j/lib/jetty-xml-10.0.17.jar
                                                                 [classpath] /var/lib/neo4j/lib/neo4j-native-5.15.0.jar
                                                                 [classpath] /var/lib/neo4j/lib/picocli-4.7.5.jar
                                                                 [classpath] /var/lib/neo4j/lib/neo4j-bolt-5.15.0.jar
                                                                 [classpath] /var/lib/neo4j/lib/jetty-servlet-10.0.17.jar
                                                                 [classpath] /var/lib/neo4j/lib/neo4j-record-storage-engine-5.15.0.jar
                                                                 [classpath] /var/lib/neo4j/lib/neo4j-lock-5.15.0.jar
                                                                 [classpath] /var/lib/neo4j/lib/neo4j-cypher-5.15.0.jar
                                                                 [classpath] /var/lib/neo4j/conf/*
                                                                 [classpath] /var/lib/neo4j/lib/neo4j-values-5.15.0.jar
                                                                 [classpath] /var/lib/neo4j/lib/WMI4Java-1.6.3.jar
                                                                 [classpath] /var/lib/neo4j/lib/neo4j-cypher-planner-5.15.0.jar
                                                                 [classpath] /var/lib/neo4j/lib/neo4j-cypher-planner-spi-5.15.0.jar
                                                                 [classpath] /var/lib/neo4j/lib/neo4j-util-5.15.0.jar
                                                                 [classpath] /var/lib/neo4j/lib/neo4j-collections-5.15.0.jar
                                                                 [classpath] /var/lib/neo4j/lib/jakarta.xml.bind-api-2.3.2.jar
                                                                 [classpath] /var/lib/neo4j/lib/jProcesses-1.6.5.jar
                                                                 [classpath] /var/lib/neo4j/lib/neo4j-consistency-check-5.15.0.jar
                                                                 [classpath] /var/lib/neo4j/lib/neo4j-csv-5.15.0.jar
                                                                 [classpath] /var/lib/neo4j/lib/neo4j-procedure-api-5.15.0.jar
                                                                 [classpath] /var/lib/neo4j/lib/neo4j-lucene-index-5.15.0.jar
                                                                 [classpath] /var/lib/neo4j/lib/hk2-locator-2.6.1.jar
                                                                 [classpath] /var/lib/neo4j/lib/neo4j-expressions-5.15.0.jar
                                                                 [classpath] /var/lib/neo4j/lib/jersey-common-2.34.jar
                                                                 [classpath] /var/lib/neo4j/lib/neo4j-configuration-5.15.0.jar
                                                                 [classpath] /var/lib/neo4j/lib/neo4j-schema-5.15.0.jar
                                                                 [classpath] /var/lib/neo4j/lib/neo4j-logging-5.15.0.jar
                                                                 [classpath] /var/lib/neo4j/lib/neo4j-common-5.15.0.jar
                                                                 [classpath] /var/lib/neo4j/lib/jackson-annotations-2.15.2.jar
                                                                 [classpath] /var/lib/neo4j/lib/eclipse-collections-api-11.1.0.jar
                                                                 [classpath] /var/lib/neo4j/lib/jersey-container-servlet-core-2.34.jar
                                                                 [classpath] /var/lib/neo4j/lib/neo4j-id-generator-5.15.0.jar
                                                                 [classpath] /var/lib/neo4j/lib/jansi-2.4.0.jar
                                                                 [classpath] /var/lib/neo4j/lib/jetty-webapp-10.0.17.jar
                                                                 [classpath] /var/lib/neo4j/lib/jetty-http-10.0.17.jar
                                                                 [classpath] /var/lib/neo4j/lib/neo4j-dbms-5.15.0.jar
                                                                 [classpath] /var/lib/neo4j/lib/neo4j-spatial-index-5.15.0.jar
                                                                 [classpath] /var/lib/neo4j/lib/ipaddress-5.4.0.jar
                                                                 [classpath] /var/lib/neo4j/lib/shiro-config-core-1.13.0.jar
                                                                 [classpath] /var/lib/neo4j/lib/neo4j-server-5.15.0.jar
                                                                 [classpath] /var/lib/neo4j/lib/jline-terminal-3.21.0.jar
                                                                 [classpath] /var/lib/neo4j/lib/netty-transport-classes-kqueue-4.1.100.Final.jar
                                                                 [classpath] /var/lib/neo4j/lib/neo4j-cypher-logical-plans-5.15.0.jar
                                                                 [classpath] /var/lib/neo4j/lib/neo4j-io-5.15.0.jar
                                                                 [classpath] /var/lib/neo4j/lib/netty-transport-native-kqueue-4.1.100.Final-osx-aarch_64.jar
                                                                 [classpath] /var/lib/neo4j/lib/neo4j-cypher-physical-planning-5.15.0.jar
                                                                 [classpath] /var/lib/neo4j/lib/neo4j-resource-5.15.0.jar
                                                                 [classpath] /var/lib/neo4j/lib/lucene-analysis-common-9.8.0.jar
                                                                 [classpath] /var/lib/neo4j/lib/commons-text-1.11.0.jar
                                                                 [classpath] /var/lib/neo4j/lib/kiama_2.13-2.5.1.jar
                                                                 [classpath] /var/lib/neo4j/lib/jakarta.ws.rs-api-2.1.6.jar
                                                                 [classpath] /var/lib/neo4j/lib/neo4j-cypher-config-5.15.0.jar
                                                                 [classpath] /var/lib/neo4j/lib/zstd-proxy-5.15.0.jar
                                                                 [classpath] /var/lib/neo4j/lib/jline-terminal-jansi-3.21.0.jar
                                                                 [classpath] /var/lib/neo4j/lib/hk2-api-2.6.1.jar
                                                                 [classpath] /var/lib/neo4j/lib/reactor-core-3.5.11.jar
                                                                 [classpath] /var/lib/neo4j/lib/netty-transport-native-epoll-4.1.100.Final-linux-x86_64.jar
                                                                 [classpath] /var/lib/neo4j/lib/shiro-lang-1.13.0.jar
                                                                 [classpath] /var/lib/neo4j/lib/istack-commons-runtime-3.0.8.jar
                                                                 [classpath] /var/lib/neo4j/lib/jackson-jaxrs-json-provider-2.15.2.jar
                                                                 [classpath] /var/lib/neo4j/lib/jetty-servlet-api-4.0.6.jar
                                                                 [classpath] /var/lib/neo4j/lib/shiro-crypto-cipher-1.13.0.jar
                                                                 [classpath] /var/lib/neo4j/lib/eclipse-collections-11.1.0.jar
                                                                 [classpath] /var/lib/neo4j/lib/neo4j-exceptions-5.15.0.jar
                                                                 [classpath] /var/lib/neo4j/lib/neo4j-fulltext-index-5.15.0.jar
                                                                 [classpath] /var/lib/neo4j/lib/neo4j-capabilities-5.15.0.jar
                                                                 [classpath] /var/lib/neo4j/lib/netty-transport-native-kqueue-4.1.100.Final-osx-x86_64.jar
                                                                 [classpath] /var/lib/neo4j/lib/neo4j-cypher-macros-5.15.0.jar
                                                                 [classpath] /var/lib/neo4j/lib/neo4j-fabric-5.15.0.jar
                                                                 [classpath] /var/lib/neo4j/lib/neo4j-ssl-5.15.0.jar
                                                                 [classpath] /var/lib/neo4j/lib/jetty-util-10.0.17.jar
                                                                 [classpath] /var/lib/neo4j/lib/neo4j-browser-5.12.0.jar
                                                                 [classpath] /var/lib/neo4j/lib/jetty-server-10.0.17.jar
                                                                 [classpath] /var/lib/neo4j/lib/jackson-jaxrs-base-2.15.2.jar
                                                                 [classpath] /var/lib/neo4j/lib/neo4j-cypher-dsl-2023.8.0.jar
                                                                 [classpath] /var/lib/neo4j/lib/neo4j-graph-algo-5.15.0.jar
                                                                 [classpath] /var/lib/neo4j/lib/jakarta.activation-api-1.2.2.jar
                                                                 [classpath] /var/lib/neo4j/lib/neo4j-cypher-javacc-parser-5.15.0.jar
                                                                 [classpath] /var/lib/neo4j/lib/jakarta.validation-api-2.0.2.jar
                                                                 [classpath] /var/lib/neo4j/lib/magnolia_2.13-0.17.0.jar
                                                                 [classpath] /var/lib/neo4j/lib/jctools-core-4.0.1.jar
                                                                 [classpath] /var/lib/neo4j/lib/neo4j-slf4j-provider-5.15.0.jar
                                                                 [classpath] /var/lib/neo4j/lib/jettison-1.5.4.jar
                                                                 [classpath] /var/lib/neo4j/lib/jakarta.inject-2.6.1.jar
                                                                 [classpath] /var/lib/neo4j/lib/netty-transport-native-epoll-4.1.100.Final-linux-aarch_64.jar
                                                                 [classpath] /var/lib/neo4j/lib/neo4j-index-5.15.0.jar
                                                                 [classpath] /var/lib/neo4j/lib/hk2-utils-2.6.1.jar
                                                                 [classpath] /var/lib/neo4j/lib/neo4j-ast-5.15.0.jar
                                                                 [classpath] /var/lib/neo4j/lib/stax-ex-1.8.1.jar
                                                                 [classpath] /var/lib/neo4j/lib/annotations-5.15.0.jar
                                                                 [classpath] /var/lib/neo4j/lib/txw2-2.3.2.jar
                                                                 [classpath] /var/lib/neo4j/lib/netty-codec-4.1.100.Final.jar
                                                                 [classpath] /var/lib/neo4j/lib/slf4j-api-2.0.9.jar
                                                                 [classpath] /var/lib/neo4j/lib/netty-buffer-4.1.100.Final.jar
                                                                 [classpath] /var/lib/neo4j/lib/commons-compress-1.24.0.jar
                                                                 [classpath] /var/lib/neo4j/lib/log4j-api-2.20.0.jar
                                                                 [classpath] /var/lib/neo4j/lib/lucene-core-9.8.0.jar
                                                                 [classpath] /var/lib/neo4j/lib/neo4j-cypher-ir-5.15.0.jar
                                                                 [classpath] /var/lib/neo4j/lib/lucene-queryparser-9.8.0.jar
                                                                 [classpath] /var/lib/neo4j/lib/jline-reader-3.21.0.jar
                                                                 [classpath] /var/lib/neo4j/lib/cypher-shell-5.15.0.jar
                                                                 [classpath] /var/lib/neo4j/lib/FastInfoset-1.2.16.jar
                                                                 [classpath] /var/lib/neo4j/lib/argparse4j-0.9.0.jar
                                                                 [classpath] /var/lib/neo4j/lib/neo4j-concurrent-5.15.0.jar
                                                                 [classpath] /var/lib/neo4j/lib/log4j-core-2.20.0.jar
                                                                 [classpath] /var/lib/neo4j/lib/neo4j-token-api-5.15.0.jar
                                                                 [classpath] /var/lib/neo4j/lib/commons-logging-1.2.jar
                                                                 [classpath] /var/lib/neo4j/lib/shiro-event-1.13.0.jar
                                                                 [classpath] /var/lib/neo4j/lib/jna-5.13.0.jar
                                                                 [classpath] /var/lib/neo4j/lib/jackson-core-2.15.2.jar
                                                                 [classpath] /var/lib/neo4j/lib/neo4j-data-collector-5.15.0.jar
                                                                 [classpath] /var/lib/neo4j/lib/neo4j-rewriting-5.15.0.jar
                                                                 [classpath] /var/lib/neo4j/lib/neo4j-storage-engine-util-5.15.0.jar
                                                                 [classpath] /var/lib/neo4j/lib/netty-resolver-4.1.100.Final.jar
                                                                 [classpath] /var/lib/neo4j/lib/neo4j-cypher-expression-evaluator-5.15.0.jar
                                                                 [classpath] /var/lib/neo4j/lib/neo4j-import-util-5.15.0.jar
                                                                 [classpath] /var/lib/neo4j/lib/zstd-jni-1.5.5-10.jar
                                                                 [classpath] /var/lib/neo4j/lib/neo4j-query-router-5.15.0.jar
                                                                 [classpath] /var/lib/neo4j/lib/neo4j-bootcheck-5.15.0.jar
                                                                 [classpath] /var/lib/neo4j/lib/jackson-databind-2.15.2.jar
                                                                 [classpath] /var/lib/neo4j/lib/neo4j-wal-5.15.0.jar
                                                                 [classpath] /var/lib/neo4j/lib/neo4j-cypher-slotted-runtime-5.15.0.jar
                                                                 [classpath] /var/lib/neo4j/lib/netty-handler-4.1.100.Final.jar
                                                                 [classpath] /var/lib/neo4j/lib/neo4j-java-driver-5.15.0.jar
                                                                 [classpath] /var/lib/neo4j/lib/scala-reflect-2.13.11.jar
                                                                 [classpath] /var/lib/neo4j/lib/jakarta.annotation-api-1.3.5.jar
                                                                 [classpath] /var/lib/neo4j/lib/cypher-literal-interpreter-5.15.0.jar
                                                                 [classpath] /var/lib/neo4j/lib/neo4j-cypher-interpreted-runtime-5.15.0.jar
                                                                 [classpath] /var/lib/neo4j/lib/shiro-crypto-core-1.13.0.jar
                                                                 [classpath] /var/lib/neo4j/lib/jackson-module-jaxb-annotations-2.15.2.jar
                                                                 [classpath] /var/lib/neo4j/lib/neo4j-unsafe-5.15.0.jar
                                                                 [classpath] /var/lib/neo4j/lib/neo4j-diagnostics-5.15.0.jar
                                                                 [classpath] /var/lib/neo4j/lib/netty-transport-classes-epoll-4.1.100.Final.jar
                                                                 [classpath] /var/lib/neo4j/lib/neo4j-command-line-5.15.0.jar
                                                                 [classpath] /var/lib/neo4j/lib/netty-transport-native-unix-common-4.1.100.Final.jar
                                                                 [classpath] /var/lib/neo4j/lib/neo4j-cypher-cache-5.15.0.jar
                                                                 [classpath] /var/lib/neo4j/lib/netty-codec-http-4.1.100.Final.jar
                                                                 [classpath] /var/lib/neo4j/lib/neo4j-layout-5.15.0.jar
                                                                 [classpath] /var/lib/neo4j/lib/neo4j-cypher-runtime-util-5.15.0.jar
                                                                 [classpath] /var/lib/neo4j/lib/lucene-backward-codecs-9.8.0.jar
                                                                 [classpath] /var/lib/neo4j/lib/log4j-layout-template-json-2.20.0.jar
                                                                 [classpath] /var/lib/neo4j/lib/shiro-crypto-hash-1.13.0.jar
                                                                 [classpath] /var/lib/neo4j/lib/jersey-server-2.34.jar
                                                                 [classpath] /var/lib/neo4j/lib/scala-collection-contrib_2.13-0.3.0.jar
                                                                 [classpath] /var/lib/neo4j/lib/neo4j-kernel-5.15.0.jar
                                                                 [classpath] /plugins/apoc.jar
                                                                 [classpath] /var/lib/neo4j/lib/neo4j-monitoring-5.15.0.jar
                                                                 [classpath] /var/lib/neo4j/lib/cypher-ast-factory-5.15.0.jar
                                                                 [classpath] /var/lib/neo4j/lib/jersey-client-2.34.jar
                                                                 [classpath] /var/lib/neo4j/lib/neo4j-graphdb-api-5.15.0.jar
                                                                 [classpath] /var/lib/neo4j/lib/jersey-hk2-2.34.jar
                                                                 [classpath] /var/lib/neo4j/lib/neo4j-front-end-5.15.0.jar
                                                                
                                                                --------------------------------------------------------------------------------
                                                                                                [ Library path ]                                
                                                                --------------------------------------------------------------------------------
                                                                /usr/java/packages/lib
                                                                /usr/lib64
                                                                /lib64
                                                                /lib
                                                                /usr/lib
                                                                
                                                                --------------------------------------------------------------------------------
                                                                                             [ System properties ]                              
                                                                --------------------------------------------------------------------------------
                                                                jdk.tls.rejectClientInitiatedRenegotiation = true
                                                                sun.jnu.encoding = ANSI_X3.4-1968
                                                                sun.arch.data.model = 64
                                                                user.timezone = Etc/UTC
                                                                sun.java.launcher = SUN_STANDARD
                                                                user.country = US
                                                                sun.boot.library.path = /opt/java/openjdk/lib
                                                                sun.java.command = org.neo4j.server.CommunityEntryPoint --home-dir=/var/lib/neo4j --config-dir=/var/lib/neo4j/conf --console-mode
                                                                jdk.debug = release
                                                                io.netty.tryReflectionSetAccessible = true
                                                                sun.cpu.endian = little
                                                                user.home = /var/lib/neo4j
                                                                user.language = en
                                                                file.separator = /
                                                                jdk.tls.ephemeralDHKeySize = 2048
                                                                sun.management.compiler = HotSpot 64-Bit Tiered Compilers
                                                                user.name = neo4j
                                                                jdk.nio.maxCachedBufferSize = 1024
                                                                path.separator = :
                                                                file.encoding = UTF-8
                                                                jnidispatch.path = /var/lib/neo4j/.cache/JNA/temp/jna10438132930616994977.tmp
                                                                jna.loaded = true
                                                                user.dir = /var/lib/neo4j
                                                                native.encoding = ANSI_X3.4-1968
                                                                sun.io.unicode.encoding = UnicodeLittle
                                                                log4j2.disable.jmx = true
                                                                
                                                                --------------------------------------------------------------------------------
                                                                                      [ (IANA) TimeZone database version ]                      
                                                                --------------------------------------------------------------------------------
                                                                  TimeZone version: 2023c (available for 603 zone identifiers)
                                                                
                                                                --------------------------------------------------------------------------------
                                                                                            [ Network information ]                             
                                                                --------------------------------------------------------------------------------
                                                                Interface eth0:
                                                                    address: 172.20.0.2
                                                                Interface lo:
                                                                    address: 0:0:0:0:0:0:0:1%lo
                                                                    address: 127.0.0.1
                                                                
                                                                --------------------------------------------------------------------------------
                                                                                         [ Native access information ]                          
                                                                --------------------------------------------------------------------------------
                                                                Native access details: Linux native access is available.
                                                                
                                                                --------------------------------------------------------------------------------
                                                                                                [ DBMS config ]                                 
                                                                --------------------------------------------------------------------------------
                                                                DBMS provided settings:
                                                                db.tx_log.rotation.retention_policy=2 days 2G
                                                                dbms.security.procedures.allowlist=apoc.*
                                                                dbms.security.procedures.unrestricted=apoc.*
                                                                server.bolt.enabled=true
                                                                server.default_listen_address=0.0.0.0
                                                                server.directories.import=/var/lib/neo4j/import
                                                                server.directories.logs=/logs
                                                                server.directories.neo4j_home=/var/lib/neo4j
                                                                server.directories.plugins=/plugins
                                                                server.http.enabled=true
                                                                server.https.enabled=false
                                                                server.jvm.additional=-XX:+UseG1GC
-XX:-OmitStackTraceInFastThrow
-XX:+AlwaysPreTouch
-XX:+UnlockExperimentalVMOptions
-XX:+TrustFinalNonStaticFields
-XX:+DisableExplicitGC
-Djdk.nio.maxCachedBufferSize=1024
-Dio.netty.tryReflectionSetAccessible=true
-Djdk.tls.ephemeralDHKeySize=2048
-Djdk.tls.rejectClientInitiatedRenegotiation=true
-XX:FlightRecorderOptions=stackdepth=256
-XX:+UnlockDiagnosticVMOptions
-XX:+DebugNonSafepoints
--add-opens=java.base/java.nio=ALL-UNNAMED
--add-opens=java.base/java.io=ALL-UNNAMED
--add-opens=java.base/sun.nio.ch=ALL-UNNAMED
-Dlog4j2.disable.jmx=true
                                                                server.memory.heap.max_size=2.00GiB
                                                                server.memory.pagecache.size=1.00GiB
                                                                server.windows_service_name=neo4j
                                                                Directories in use:
                                                                server.directories.data=/var/lib/neo4j/data
                                                                server.directories.dumps.root=/var/lib/neo4j/data/dumps
                                                                server.directories.import=/var/lib/neo4j/import
                                                                server.directories.lib=/var/lib/neo4j/lib
                                                                server.directories.licenses=/var/lib/neo4j/licenses
                                                                server.directories.logs=/logs
                                                                server.directories.neo4j_home=/var/lib/neo4j
                                                                server.directories.plugins=/plugins
                                                                server.directories.run=/var/lib/neo4j/run
                                                                server.directories.script.root=/var/lib/neo4j/data/scripts
                                                                server.directories.transaction.logs.root=/var/lib/neo4j/data/transactions
                                                                
                                                                --------------------------------------------------------------------------------
                                                                                                 [ Packaging ]                                  
                                                                --------------------------------------------------------------------------------
                                                                Edition: Community
                                                                Package Type: tar
                                                                
2025-12-15 07:04:14.120+0000 INFO  [o.n.d.i.DefaultIdentityModule] Generated new ServerId: ServerId{bd9674d9} (bd9674d9-31a8-49dc-972b-0cb7e5ea043c)
2025-12-15 07:04:14.120+0000 INFO  [o.n.d.i.DefaultIdentityModule] This instance is ServerId{bd9674d9} (bd9674d9-31a8-49dc-972b-0cb7e5ea043c)
2025-12-15 07:04:14.372+0000 INFO  [o.n.s.CommunityNeoWebServer] ======== Neo4j 5.15.0 ========
2025-12-15 07:04:14.376+0000 INFO  [o.n.d.d.DatabaseLifecycles] Creating 'DatabaseId{00000000[system]}'.
2025-12-15 07:04:14.395+0000 INFO  [a.ApocConfig] successfully registered ApocConfig for @Context
2025-12-15 07:04:14.396+0000 INFO  [a.Pools] successfully registered Pools for @Context
2025-12-15 07:04:14.397+0000 INFO  [a.ApocConfig] from system properties: NEO4J_CONF=/var/lib/neo4j/conf
2025-12-15 07:04:14.397+0000 INFO  [a.ApocConfig] system property NEO4J_CONF set to /var/lib/neo4j/conf
2025-12-15 07:04:14.398+0000 INFO  [a.ApocConfig] loading apoc meta config from jar:file:/plugins/apoc.jar!/apoc-config.xml
2025-12-15 07:04:14.457+0000 INFO  [a.ApocConfig] setting APOC config to default value: apoc.import.file.enabled=false
2025-12-15 07:04:14.458+0000 INFO  [a.ApocConfig] setting APOC config to default value: apoc.export.file.enabled=false
2025-12-15 07:04:14.458+0000 INFO  [a.ApocConfig] setting APOC config to default value: apoc.import.file.use_neo4j_config=true
2025-12-15 07:04:14.458+0000 INFO  [a.ApocConfig] setting APOC config to default value: apoc.trigger.enabled=false
2025-12-15 07:04:14.472+0000 INFO  [o.n.b.BoltServer] Using connector transport epoll
2025-12-15 07:04:14.492+0000 INFO  [o.n.b.BoltServer] Configured external Bolt connector with listener address /0.0.0.0:7687
2025-12-15 07:04:14.492+0000 INFO  [o.n.b.BoltServer] Bolt server loaded
2025-12-15 07:04:14.500+0000 INFO  [o.n.d.d.DatabaseLifecycles] Starting 'DatabaseId{00000000[system]}'.
2025-12-15 07:04:14.719+0000 INFO  [o.n.i.d.DiagnosticsManager] [system/00000000] 
                                                                [system/00000000] ********************************************************************************
                                                                [system/00000000]                               [ Database: system ]                              
                                                                [system/00000000] ********************************************************************************
                                                                [system/00000000] --------------------------------------------------------------------------------
                                                                [system/00000000]                                   [ Version ]                                   
                                                                [system/00000000] --------------------------------------------------------------------------------
                                                                [system/00000000] DBMS: community record-aligned-1.1
                                                                [system/00000000] Kernel version: 5.15.0
                                                                [system/00000000] 
                                                                [system/00000000] --------------------------------------------------------------------------------
                                                                [system/00000000]                                 [ Store files ]                                 
                                                                [system/00000000] --------------------------------------------------------------------------------
                                                                [system/00000000] Disk space on partition (Total / Free / Free %): 494384795648 / 308668391424 / 62
                                                                [system/00000000] Storage files stored on file store: fakeowner
                                                                [system/00000000] Storage files: (filename : modification date - size)
                                                                [system/00000000]   neostore: 2025-12-15 07:04:14.667+0000 - 8.000KiB
                                                                [system/00000000]   neostore.counts.db: 2025-12-15 07:04:14.675+0000 - 0B
                                                                [system/00000000]   neostore.indexstats.db: 2025-12-15 07:04:14.683+0000 - 0B
                                                                [system/00000000]   neostore.labeltokenstore.db: 2025-12-15 07:04:14.662+0000 - 0B
                                                                [system/00000000]   neostore.labeltokenstore.db.id: 2025-12-15 07:04:14.662+0000 - 0B
                                                                [system/00000000]   neostore.labeltokenstore.db.names: 2025-12-15 07:04:14.661+0000 - 8.000KiB
                                                                [system/00000000]   neostore.labeltokenstore.db.names.id: 2025-12-15 07:04:14.661+0000 - 0B
                                                                [system/00000000]   neostore.nodestore.db: 2025-12-15 07:04:14.653+0000 - 0B
                                                                [system/00000000]   neostore.nodestore.db.id: 2025-12-15 07:04:14.653+0000 - 0B
                                                                [system/00000000]   neostore.nodestore.db.labels: 2025-12-15 07:04:14.651+0000 - 8.000KiB
                                                                [system/00000000]   neostore.nodestore.db.labels.id: 2025-12-15 07:04:14.642+0000 - 0B
                                                                [system/00000000]   neostore.propertystore.db: 2025-12-15 07:04:14.658+0000 - 0B
                                                                [system/00000000]   neostore.propertystore.db.arrays: 2025-12-15 07:04:14.657+0000 - 8.000KiB
                                                                [system/00000000]   neostore.propertystore.db.arrays.id: 2025-12-15 07:04:14.656+0000 - 0B
                                                                [system/00000000]   neostore.propertystore.db.id: 2025-12-15 07:04:14.658+0000 - 0B
                                                                [system/00000000]   neostore.propertystore.db.index: 2025-12-15 07:04:14.655+0000 - 0B
                                                                [system/00000000]   neostore.propertystore.db.index.id: 2025-12-15 07:04:14.655+0000 - 0B
                                                                [system/00000000]   neostore.propertystore.db.index.keys: 2025-12-15 07:04:14.654+0000 - 8.000KiB
                                                                [system/00000000]   neostore.propertystore.db.index.keys.id: 2025-12-15 07:04:14.654+0000 - 0B
                                                                [system/00000000]   neostore.propertystore.db.strings: 2025-12-15 07:04:14.656+0000 - 8.000KiB
                                                                [system/00000000]   neostore.propertystore.db.strings.id: 2025-12-15 07:04:14.655+0000 - 0B
                                                                [system/00000000]   neostore.relationshipgroupstore.db: 2025-12-15 07:04:14.664+0000 - 8.000KiB
                                                                [system/00000000]   neostore.relationshipgroupstore.db.id: 2025-12-15 07:04:14.664+0000 - 0B
                                                                [system/00000000]   neostore.relationshipgroupstore.degrees.db: 2025-12-15 07:04:14.680+0000 - 0B
                                                                [system/00000000]   neostore.relationshipstore.db: 2025-12-15 07:04:14.659+0000 - 0B
                                                                [system/00000000]   neostore.relationshipstore.db.id: 2025-12-15 07:04:14.658+0000 - 0B
                                                                [system/00000000]   neostore.relationshiptypestore.db: 2025-12-15 07:04:14.660+0000 - 0B
                                                                [system/00000000]   neostore.relationshiptypestore.db.id: 2025-12-15 07:04:14.660+0000 - 0B
                                                                [system/00000000]   neostore.relationshiptypestore.db.names: 2025-12-15 07:04:14.659+0000 - 8.000KiB
                                                                [system/00000000]   neostore.relationshiptypestore.db.names.id: 2025-12-15 07:04:14.659+0000 - 0B
                                                                [system/00000000]   neostore.schemastore.db: 2025-12-15 07:04:14.663+0000 - 8.000KiB
                                                                [system/00000000]   neostore.schemastore.db.id: 2025-12-15 07:04:14.663+0000 - 0B
                                                                [system/00000000] Storage summary: 
                                                                [system/00000000]   Total size of store: 72.00KiB
                                                                [system/00000000]   Total size of mapped files: 72.00KiB
                                                                [system/00000000] 
                                                                [system/00000000] --------------------------------------------------------------------------------
                                                                [system/00000000]                               [ Transaction log ]                               
                                                                [system/00000000] --------------------------------------------------------------------------------
                                                                [system/00000000] Transaction log files stored on file store: fakeowner
                                                                [system/00000000] Transaction log metadata:
                                                                [system/00000000]  - current kernel version used in transactions: V5_15
                                                                [system/00000000]  - last committed transaction id: 1
                                                                [system/00000000] Transaction log files:
                                                                [system/00000000]  - existing transaction log versions: -1--1
                                                                [system/00000000]  - no transactions found
                                                                [system/00000000] Checkpoint log files:
                                                                [system/00000000]  - existing checkpoint log versions: -1--1
                                                                [system/00000000]  - no checkpoints found
                                                                [system/00000000] 
                                                                [system/00000000] --------------------------------------------------------------------------------
                                                                [system/00000000]                                   [ Id usage ]                                  
                                                                [system/00000000] --------------------------------------------------------------------------------
                                                                [system/00000000] ArrayPropertyStore[neostore.nodestore.db.labels]: used=1 high=0
                                                                [system/00000000] NodeStore[neostore.nodestore.db]: used=0 high=-1
                                                                [system/00000000] StringPropertyStore[neostore.propertystore.db.index.keys]: used=1 high=0
                                                                [system/00000000] PropertyIndexStore[neostore.propertystore.db.index]: used=0 high=-1
                                                                [system/00000000] StringPropertyStore[neostore.propertystore.db.strings]: used=1 high=0
                                                                [system/00000000] ArrayPropertyStore[neostore.propertystore.db.arrays]: used=1 high=0
                                                                [system/00000000] PropertyStore[neostore.propertystore.db]: used=0 high=-1
                                                                [system/00000000] RelationshipStore[neostore.relationshipstore.db]: used=0 high=-1
                                                                [system/00000000] StringPropertyStore[neostore.relationshiptypestore.db.names]: used=1 high=0
                                                                [system/00000000] RelationshipTypeStore[neostore.relationshiptypestore.db]: used=0 high=-1
                                                                [system/00000000] StringPropertyStore[neostore.labeltokenstore.db.names]: used=1 high=0
                                                                [system/00000000] LabelTokenStore[neostore.labeltokenstore.db]: used=0 high=-1
                                                                [system/00000000] SchemaStore[neostore.schemastore.db]: used=1 high=0
                                                                [system/00000000] RelationshipGroupStore[neostore.relationshipgroupstore.db]: used=1 high=0
                                                                [system/00000000] NeoStore[neostore]: used=-1 high=-1
                                                                [system/00000000] 
                                                                [system/00000000] --------------------------------------------------------------------------------
                                                                [system/00000000]                                   [ Metadata ]                                  
                                                                [system/00000000] --------------------------------------------------------------------------------
                                                                [system/00000000] EXTERNAL_STORE_UUID (Database identifier exposed as external store identity. Generated on creation and never updated): c3b7d650-328d-4f9c-afa3-bdf7dbca221b
                                                                [system/00000000] DATABASE_ID (The last used DatabaseId for this database): null
                                                                [system/00000000] LEGACY_STORE_VERSION (Legacy store format version. This field is used from 5.0 onwards only to distinguish non-migrated pre 5.0 metadata stores.): -3523014627327384477
                                                                [system/00000000] STORE_ID (Store ID): StoreId{creationTime=1765782254666, random=-967111430550238939, storageEngineName='record', formatName='aligned', majorVersion=1, minorVersion=1}
                                                                [system/00000000] 
2025-12-15 07:04:14.727+0000 INFO  [o.n.k.a.DatabaseAvailabilityGuard] [system/00000000] Requirement `Database unavailable` makes database system unavailable.
2025-12-15 07:04:14.727+0000 INFO  [o.n.k.a.DatabaseAvailabilityGuard] [system/00000000] DatabaseId{00000000[system]} is unavailable.
2025-12-15 07:04:14.733+0000 WARN  [o.n.k.i.s.MetaDataStore] [system/00000000] Missing counts store, rebuilding it.
2025-12-15 07:04:14.734+0000 WARN  [o.n.k.i.s.MetaDataStore] [system/00000000] Counts store rebuild completed.
2025-12-15 07:04:14.785+0000 INFO  [o.n.k.d.Database] [system/00000000] Starting transaction log [/var/lib/neo4j/data/transactions/system/neostore.transaction.db.0] at version=0
2025-12-15 07:04:14.788+0000 INFO  [o.n.k.d.Database] [system/00000000] Starting transaction log [/var/lib/neo4j/data/transactions/system/checkpoint.0] at version=0
2025-12-15 07:04:14.789+0000 INFO  [o.n.k.i.t.l.f.c.CheckpointLogFile] [system/00000000] Scanning log file with version 0 for checkpoint entries
2025-12-15 07:04:14.806+0000 INFO  [o.n.k.a.DatabaseAvailabilityGuard] [system/00000000] Fulfilling of requirement 'Database unavailable' makes database system available.
2025-12-15 07:04:14.806+0000 INFO  [o.n.k.a.DatabaseAvailabilityGuard] [system/00000000] DatabaseId{00000000[system]} is ready.
2025-12-15 07:04:14.912+0000 INFO  [o.n.k.i.a.i.IndexPopulationJob] [system/00000000] Index population started: [Index( id=2, name='index_f7700477', type='LOOKUP', schema=()-[:<any-types>]-(), indexProvider='token-lookup-1.0' )]
2025-12-15 07:04:14.925+0000 INFO  [o.n.k.i.a.i.IndexPopulationJob] [system/00000000] Index creation finished for index [Index( id=2, name='index_f7700477', type='LOOKUP', schema=()-[:<any-types>]-(), indexProvider='token-lookup-1.0' )].
2025-12-15 07:04:14.927+0000 INFO  [o.n.k.i.a.i.IndexPopulationJob] [system/00000000] Index population started: [Index( id=1, name='index_343aff4e', type='LOOKUP', schema=(:<any-labels>), indexProvider='token-lookup-1.0' )]
2025-12-15 07:04:14.931+0000 INFO  [o.n.k.i.a.i.IndexPopulationJob] [system/00000000] Index creation finished for index [Index( id=1, name='index_343aff4e', type='LOOKUP', schema=(:<any-labels>), indexProvider='token-lookup-1.0' )].
2025-12-15 07:04:14.933+0000 INFO  [o.n.k.i.t.l.c.CheckPointerImpl] [system/00000000] Checkpoint triggered by "Database init completed." @ txId: 3 checkpoint started...
2025-12-15 07:04:14.946+0000 INFO  [o.n.k.i.t.l.c.CheckPointerImpl] [system/00000000] Checkpoint triggered by "Database init completed." @ txId: 3 checkpoint completed in 12ms. Checkpoint flushed 74 pages (0% of total available pages), in 57 IOs. Checkpoint performed with IO limit: unlimited, paused in total 0 times( 0 millis).
2025-12-15 07:04:14.947+0000 INFO  [o.n.k.i.t.l.p.LogPruningImpl] [system/00000000] No log version pruned. The strategy used was '2 days 2147483648 size'. 
2025-12-15 07:04:15.057+0000 WARN  [o.n.k.a.p.GlobalProcedures] Failed to load `apoc.util.hdfs.HDFSUtils$1` from plugin jar `/plugins/apoc.jar`: java.lang.NoClassDefFoundError: org/apache/hadoop/fs/FSDataInputStream
2025-12-15 07:04:15.068+0000 WARN  [o.n.k.a.p.GlobalProcedures] Failed to load `com.jayway.jsonpath.spi.json.JakartaJsonProvider$JsonObjectProxy$1` from plugin jar `/plugins/apoc.jar`: java.lang.NoClassDefFoundError: jakarta/json/JsonObject
2025-12-15 07:04:15.127+0000 WARN  [o.n.k.a.p.GlobalProcedures] Failed to load `apoc.util.google.cloud.GCStorageURLConnection` from plugin jar `/plugins/apoc.jar`: java.lang.NoClassDefFoundError: com/google/cloud/storage/Storage
2025-12-15 07:04:15.153+0000 WARN  [o.n.k.a.p.GlobalProcedures] Failed to load `com.jayway.jsonpath.spi.json.JakartaJsonProvider$JsonArrayProxy` from plugin jar `/plugins/apoc.jar`: java.lang.NoClassDefFoundError: jakarta/json/JsonArray
2025-12-15 07:04:15.180+0000 WARN  [o.n.k.a.p.GlobalProcedures] Failed to load `apoc.util.hdfs.HDFSUtils` from plugin jar `/plugins/apoc.jar`: java.lang.NoClassDefFoundError: org/apache/hadoop/fs/FSDataOutputStream
2025-12-15 07:04:15.196+0000 WARN  [o.n.k.a.p.GlobalProcedures] Failed to load `com.jayway.jsonpath.spi.json.JakartaJsonProvider$JsonArrayProxy$1` from plugin jar `/plugins/apoc.jar`: java.lang.NoClassDefFoundError: jakarta/json/JsonValue
2025-12-15 07:04:15.196+0000 WARN  [o.n.k.a.p.GlobalProcedures] Failed to load `com.jayway.jsonpath.spi.json.JakartaJsonProvider$JsonArrayProxy$2` from plugin jar `/plugins/apoc.jar`: java.lang.NoClassDefFoundError: jakarta/json/JsonValue
2025-12-15 07:04:15.331+0000 WARN  [o.n.k.a.p.GlobalProcedures] Failed to load `com.jayway.jsonpath.spi.json.JakartaJsonProvider` from plugin jar `/plugins/apoc.jar`: java.lang.NoClassDefFoundError: jakarta/json/JsonObject
2025-12-15 07:04:15.381+0000 WARN  [o.n.k.a.p.GlobalProcedures] Failed to load `com.jayway.jsonpath.spi.json.JsonOrgJsonProvider` from plugin jar `/plugins/apoc.jar`: java.lang.NoClassDefFoundError: org/json/JSONException
2025-12-15 07:04:15.382+0000 WARN  [o.n.k.a.p.GlobalProcedures] Failed to load `org.apache.commons.logging.impl.LogKitLogger` from plugin jar `/plugins/apoc.jar`: java.lang.NoClassDefFoundError: org/apache/log/Logger
2025-12-15 07:04:15.414+0000 WARN  [o.n.k.a.p.GlobalProcedures] Failed to load `apoc.util.s3.S3Aws` from plugin jar `/plugins/apoc.jar`: java.lang.NoClassDefFoundError: com/amazonaws/auth/AWSCredentials
2025-12-15 07:04:15.414+0000 WARN  [o.n.k.a.p.GlobalProcedures] Failed to load `com.jayway.jsonpath.spi.mapper.JakartaMappingProvider$JsonStructureToParserAdapter` from plugin jar `/plugins/apoc.jar`: java.lang.NoClassDefFoundError: jakarta/json/stream/JsonParser
2025-12-15 07:04:15.453+0000 WARN  [o.n.k.a.p.GlobalProcedures] Failed to load `org.apache.commons.logging.impl.Log4JLogger` from plugin jar `/plugins/apoc.jar`: java.lang.NoClassDefFoundError: org/apache/log4j/Priority
2025-12-15 07:04:15.470+0000 WARN  [o.n.k.a.p.GlobalProcedures] Failed to load `com.jayway.jsonpath.spi.mapper.JakartaMappingProvider$JsonObjectScope` from plugin jar `/plugins/apoc.jar`: java.lang.NoClassDefFoundError: jakarta/json/JsonValue
2025-12-15 07:04:15.518+0000 WARN  [o.n.k.a.p.GlobalProcedures] Failed to load `apoc.util.s3.S3URLConnection` from plugin jar `/plugins/apoc.jar`: java.lang.NoClassDefFoundError: com/amazonaws/ClientConfiguration
2025-12-15 07:04:15.524+0000 WARN  [o.n.k.a.p.GlobalProcedures] Failed to load `com.jayway.jsonpath.spi.json.JakartaJsonProvider$JsonObjectProxy` from plugin jar `/plugins/apoc.jar`: java.lang.NoClassDefFoundError: jakarta/json/JsonObject
2025-12-15 07:04:15.538+0000 WARN  [o.n.k.a.p.GlobalProcedures] Failed to load `apoc.util.s3.S3OutputStream$S3UploadManager` from plugin jar `/plugins/apoc.jar`: java.lang.NoClassDefFoundError: com/amazonaws/services/s3/AmazonS3
2025-12-15 07:04:15.548+0000 WARN  [o.n.k.a.p.GlobalProcedures] Failed to load `org.apache.commons.logging.impl.AvalonLogger` from plugin jar `/plugins/apoc.jar`: java.lang.NoClassDefFoundError: org/apache/avalon/framework/logger/Logger
2025-12-15 07:04:15.552+0000 WARN  [o.n.k.a.p.GlobalProcedures] Failed to load `com.jayway.jsonpath.spi.mapper.JakartaMappingProvider` from plugin jar `/plugins/apoc.jar`: java.lang.NoClassDefFoundError: jakarta/json/stream/JsonParser
2025-12-15 07:04:15.554+0000 WARN  [o.n.k.a.p.GlobalProcedures] Failed to load `com.jayway.jsonpath.spi.json.GsonJsonProvider` from plugin jar `/plugins/apoc.jar`: java.lang.NoClassDefFoundError: com/google/gson/JsonElement
2025-12-15 07:04:15.565+0000 WARN  [o.n.k.a.p.GlobalProcedures] Failed to load `META-INF.versions.9.module-info` from plugin jar `/plugins/apoc.jar`: java.lang.NoClassDefFoundError: META-INF/versions/9/module-info is not a class because access_flag ACC_MODULE is set
2025-12-15 07:04:15.571+0000 WARN  [o.n.k.a.p.GlobalProcedures] Failed to load `com.jayway.jsonpath.spi.mapper.JakartaMappingProvider$JsonStructureScope` from plugin jar `/plugins/apoc.jar`: java.lang.NoClassDefFoundError: jakarta/json/JsonValue
2025-12-15 07:04:15.610+0000 WARN  [o.n.k.a.p.GlobalProcedures] Failed to load `com.jayway.jsonpath.spi.mapper.GsonMappingProvider$1` from plugin jar `/plugins/apoc.jar`: java.lang.NoClassDefFoundError: com/google/gson/Gson
2025-12-15 07:04:15.610+0000 WARN  [o.n.k.a.p.GlobalProcedures] Failed to load `com.jayway.jsonpath.spi.mapper.GsonMappingProvider$2` from plugin jar `/plugins/apoc.jar`: java.lang.NoClassDefFoundError: com/google/gson/Gson
2025-12-15 07:04:15.647+0000 WARN  [o.n.k.a.p.GlobalProcedures] Failed to load `com.jayway.jsonpath.spi.mapper.JakartaMappingProvider$JsonArrayScope` from plugin jar `/plugins/apoc.jar`: java.lang.NoClassDefFoundError: jakarta/json/JsonValue
2025-12-15 07:04:15.652+0000 WARN  [o.n.k.a.p.GlobalProcedures] Failed to load `apoc.util.s3.S3Aws$1` from plugin jar `/plugins/apoc.jar`: java.lang.NoClassDefFoundError: com/amazonaws/services/s3/model/S3ObjectInputStream
2025-12-15 07:04:15.918+0000 INFO  [o.n.k.i.a.i.IndexPopulationJob] [system/00000000] Index population started: [Index( id=3, name='constraint_798238d6', type='RANGE', schema=(:DatabaseName {name, namespace}), indexProvider='range-1.0' )]
2025-12-15 07:04:15.927+0000 INFO  [o.n.k.i.a.i.IndexPopulationJob] [system/00000000] Index creation finished for index [Index( id=3, name='constraint_798238d6', type='RANGE', schema=(:DatabaseName {name, namespace}), indexProvider='range-1.0' )].
2025-12-15 07:04:15.931+0000 INFO  [o.n.k.i.a.i.IndexPopulationJob] [system/00000000] Index population started: [Index( id=4, name='constraint_8014b60a', type='RANGE', schema=(:Database {name}), indexProvider='range-1.0' )]
2025-12-15 07:04:15.939+0000 INFO  [o.n.k.i.a.i.IndexPopulationJob] [system/00000000] Index creation finished for index [Index( id=4, name='constraint_8014b60a', type='RANGE', schema=(:Database {name}), indexProvider='range-1.0' )].
2025-12-15 07:04:15.948+0000 INFO  [o.n.k.i.a.i.IndexingService] [system/00000000] Constraint Index( id=3, name='constraint_798238d6', type='RANGE', schema=(:Label[1] {PropertyKey[11], PropertyKey[12]}), indexProvider='range-1.0' ) is ONLINE.
2025-12-15 07:04:15.948+0000 INFO  [o.n.k.i.a.i.IndexingService] [system/00000000] Constraint Index( id=4, name='constraint_8014b60a', type='RANGE', schema=(:Label[2] {PropertyKey[11]}), indexProvider='range-1.0' ) is ONLINE.
2025-12-15 07:04:16.007+0000 INFO  [o.n.k.i.a.i.IndexPopulationJob] [system/00000000] Index population started: [Index( id=7, name='constraint_5789ae3', type='RANGE', schema=(:User {name}), indexProvider='range-1.0' )]
2025-12-15 07:04:16.012+0000 INFO  [o.n.k.i.a.i.IndexPopulationJob] [system/00000000] Index creation finished for index [Index( id=7, name='constraint_5789ae3', type='RANGE', schema=(:User {name}), indexProvider='range-1.0' )].
2025-12-15 07:04:16.019+0000 INFO  [o.n.k.i.a.i.IndexPopulationJob] [system/00000000] Index population started: [Index( id=8, name='constraint_74fad970', type='RANGE', schema=(:User {id}), indexProvider='range-1.0' )]
2025-12-15 07:04:16.024+0000 INFO  [o.n.k.i.a.i.IndexPopulationJob] [system/00000000] Index creation finished for index [Index( id=8, name='constraint_74fad970', type='RANGE', schema=(:User {id}), indexProvider='range-1.0' )].
2025-12-15 07:04:16.026+0000 INFO  [o.n.k.i.a.i.IndexingService] [system/00000000] Constraint Index( id=7, name='constraint_5789ae3', type='RANGE', schema=(:Label[3] {PropertyKey[11]}), indexProvider='range-1.0' ) is ONLINE.
2025-12-15 07:04:16.026+0000 INFO  [o.n.k.i.a.i.IndexingService] [system/00000000] Constraint Index( id=8, name='constraint_74fad970', type='RANGE', schema=(:Label[3] {PropertyKey[26]}), indexProvider='range-1.0' ) is ONLINE.
2025-12-15 07:04:16.027+0000 INFO  [o.n.s.s.s.UserSecurityGraphComponent] Initializing system graph model for component 'security-users' with version -1 and status UNINITIALIZED
2025-12-15 07:04:16.031+0000 INFO  [o.n.s.s.s.UserSecurityGraphComponent] Setting up initial user from `auth.ini` file: neo4j
2025-12-15 07:04:16.031+0000 INFO  [o.n.s.s.a.CommunitySecurityModule] CREATE USER neo4j PASSWORD ****** CHANGE NOT REQUIRED
2025-12-15 07:04:16.035+0000 INFO  [o.n.s.s.s.UserSecurityGraphComponent] Setting version for 'security-users' to 4
2025-12-15 07:04:16.036+0000 INFO  [o.n.s.s.s.UserSecurityGraphComponent] After initialization of system graph model component 'security-users' have version 4 and status CURRENT
2025-12-15 07:04:16.038+0000 INFO  [o.n.s.s.s.UserSecurityGraphComponent] Performing postInitialization step for component 'security-users' with version 4 and status CURRENT
2025-12-15 07:04:16.039+0000 INFO  [o.n.d.d.DatabaseLifecycles] Creating 'DatabaseId{cbad783c[neo4j]}'.
2025-12-15 07:04:16.041+0000 INFO  [o.n.d.d.DatabaseLifecycles] Starting 'DatabaseId{cbad783c[neo4j]}'.
2025-12-15 07:04:16.046+0000 INFO  [o.n.k.i.s.f.RecordFormatSelector] [neo4j/cbad783c] Selected configured format for store /var/lib/neo4j/data/databases/neo4j: RecordFormat:PageAlignedV5_0[aligned-1.1]
2025-12-15 07:04:16.065+0000 INFO  [o.n.i.d.DiagnosticsManager] [neo4j/cbad783c] 
                                                                [neo4j/cbad783c] ********************************************************************************
                                                                [neo4j/cbad783c]                               [ Database: neo4j ]                               
                                                                [neo4j/cbad783c] ********************************************************************************
                                                                [neo4j/cbad783c] --------------------------------------------------------------------------------
                                                                [neo4j/cbad783c]                                   [ Version ]                                   
                                                                [neo4j/cbad783c] --------------------------------------------------------------------------------
                                                                [neo4j/cbad783c] DBMS: community record-aligned-1.1
                                                                [neo4j/cbad783c] Kernel version: 5.15.0
                                                                [neo4j/cbad783c] 
                                                                [neo4j/cbad783c] --------------------------------------------------------------------------------
                                                                [neo4j/cbad783c]                                 [ Store files ]                                 
                                                                [neo4j/cbad783c] --------------------------------------------------------------------------------
                                                                [neo4j/cbad783c] Disk space on partition (Total / Free / Free %): 494384795648 / 308397875200 / 62
                                                                [neo4j/cbad783c] Storage files stored on file store: fakeowner
                                                                [neo4j/cbad783c] Storage files: (filename : modification date - size)
                                                                [neo4j/cbad783c]   neostore: 2025-12-15 07:04:16.058+0000 - 8.000KiB
                                                                [neo4j/cbad783c]   neostore.counts.db: 2025-12-15 07:04:16.059+0000 - 0B
                                                                [neo4j/cbad783c]   neostore.indexstats.db: 2025-12-15 07:04:16.059+0000 - 0B
                                                                [neo4j/cbad783c]   neostore.labeltokenstore.db: 2025-12-15 07:04:16.057+0000 - 0B
                                                                [neo4j/cbad783c]   neostore.labeltokenstore.db.id: 2025-12-15 07:04:16.057+0000 - 0B
                                                                [neo4j/cbad783c]   neostore.labeltokenstore.db.names: 2025-12-15 07:04:16.056+0000 - 8.000KiB
                                                                [neo4j/cbad783c]   neostore.labeltokenstore.db.names.id: 2025-12-15 07:04:16.056+0000 - 0B
                                                                [neo4j/cbad783c]   neostore.nodestore.db: 2025-12-15 07:04:16.048+0000 - 0B
                                                                [neo4j/cbad783c]   neostore.nodestore.db.id: 2025-12-15 07:04:16.048+0000 - 0B
                                                                [neo4j/cbad783c]   neostore.nodestore.db.labels: 2025-12-15 07:04:16.047+0000 - 8.000KiB
                                                                [neo4j/cbad783c]   neostore.nodestore.db.labels.id: 2025-12-15 07:04:16.047+0000 - 0B
                                                                [neo4j/cbad783c]   neostore.propertystore.db: 2025-12-15 07:04:16.053+0000 - 0B
                                                                [neo4j/cbad783c]   neostore.propertystore.db.arrays: 2025-12-15 07:04:16.052+0000 - 8.000KiB
                                                                [neo4j/cbad783c]   neostore.propertystore.db.arrays.id: 2025-12-15 07:04:16.052+0000 - 0B
                                                                [neo4j/cbad783c]   neostore.propertystore.db.id: 2025-12-15 07:04:16.053+0000 - 0B
                                                                [neo4j/cbad783c]   neostore.propertystore.db.index: 2025-12-15 07:04:16.050+0000 - 0B
                                                                [neo4j/cbad783c]   neostore.propertystore.db.index.id: 2025-12-15 07:04:16.050+0000 - 0B
                                                                [neo4j/cbad783c]   neostore.propertystore.db.index.keys: 2025-12-15 07:04:16.049+0000 - 8.000KiB
                                                                [neo4j/cbad783c]   neostore.propertystore.db.index.keys.id: 2025-12-15 07:04:16.049+0000 - 0B
                                                                [neo4j/cbad783c]   neostore.propertystore.db.strings: 2025-12-15 07:04:16.051+0000 - 8.000KiB
                                                                [neo4j/cbad783c]   neostore.propertystore.db.strings.id: 2025-12-15 07:04:16.051+0000 - 0B
                                                                [neo4j/cbad783c]   neostore.relationshipgroupstore.db: 2025-12-15 07:04:16.058+0000 - 8.000KiB
                                                                [neo4j/cbad783c]   neostore.relationshipgroupstore.db.id: 2025-12-15 07:04:16.058+0000 - 0B
                                                                [neo4j/cbad783c]   neostore.relationshipgroupstore.degrees.db: 2025-12-15 07:04:16.059+0000 - 0B
                                                                [neo4j/cbad783c]   neostore.relationshipstore.db: 2025-12-15 07:04:16.053+0000 - 0B
                                                                [neo4j/cbad783c]   neostore.relationshipstore.db.id: 2025-12-15 07:04:16.053+0000 - 0B
                                                                [neo4j/cbad783c]   neostore.relationshiptypestore.db: 2025-12-15 07:04:16.056+0000 - 0B
                                                                [neo4j/cbad783c]   neostore.relationshiptypestore.db.id: 2025-12-15 07:04:16.055+0000 - 0B
                                                                [neo4j/cbad783c]   neostore.relationshiptypestore.db.names: 2025-12-15 07:04:16.054+0000 - 8.000KiB
                                                                [neo4j/cbad783c]   neostore.relationshiptypestore.db.names.id: 2025-12-15 07:04:16.054+0000 - 0B
                                                                [neo4j/cbad783c]   neostore.schemastore.db: 2025-12-15 07:04:16.057+0000 - 8.000KiB
                                                                [neo4j/cbad783c]   neostore.schemastore.db.id: 2025-12-15 07:04:16.057+0000 - 0B
                                                                [neo4j/cbad783c] Storage summary: 
                                                                [neo4j/cbad783c]   Total size of store: 72.00KiB
                                                                [neo4j/cbad783c]   Total size of mapped files: 72.00KiB
                                                                [neo4j/cbad783c] 
                                                                [neo4j/cbad783c] --------------------------------------------------------------------------------
                                                                [neo4j/cbad783c]                               [ Transaction log ]                               
                                                                [neo4j/cbad783c] --------------------------------------------------------------------------------
                                                                [neo4j/cbad783c] Transaction log files stored on file store: fakeowner
                                                                [neo4j/cbad783c] Transaction log metadata:
                                                                [neo4j/cbad783c]  - current kernel version used in transactions: V5_15
                                                                [neo4j/cbad783c]  - last committed transaction id: 1
                                                                [neo4j/cbad783c] Transaction log files:
                                                                [neo4j/cbad783c]  - existing transaction log versions: -1--1
                                                                [neo4j/cbad783c]  - no transactions found
                                                                [neo4j/cbad783c] Checkpoint log files:
                                                                [neo4j/cbad783c]  - existing checkpoint log versions: -1--1
                                                                [neo4j/cbad783c]  - no checkpoints found
                                                                [neo4j/cbad783c] 
                                                                [neo4j/cbad783c] --------------------------------------------------------------------------------
                                                                [neo4j/cbad783c]                                   [ Id usage ]                                  
                                                                [neo4j/cbad783c] --------------------------------------------------------------------------------
                                                                [neo4j/cbad783c] ArrayPropertyStore[neostore.nodestore.db.labels]: used=1 high=0
                                                                [neo4j/cbad783c] NodeStore[neostore.nodestore.db]: used=0 high=-1
                                                                [neo4j/cbad783c] StringPropertyStore[neostore.propertystore.db.index.keys]: used=1 high=0
                                                                [neo4j/cbad783c] PropertyIndexStore[neostore.propertystore.db.index]: used=0 high=-1
                                                                [neo4j/cbad783c] StringPropertyStore[neostore.propertystore.db.strings]: used=1 high=0
                                                                [neo4j/cbad783c] ArrayPropertyStore[neostore.propertystore.db.arrays]: used=1 high=0
                                                                [neo4j/cbad783c] PropertyStore[neostore.propertystore.db]: used=0 high=-1
                                                                [neo4j/cbad783c] RelationshipStore[neostore.relationshipstore.db]: used=0 high=-1
                                                                [neo4j/cbad783c] StringPropertyStore[neostore.relationshiptypestore.db.names]: used=1 high=0
                                                                [neo4j/cbad783c] RelationshipTypeStore[neostore.relationshiptypestore.db]: used=0 high=-1
                                                                [neo4j/cbad783c] StringPropertyStore[neostore.labeltokenstore.db.names]: used=1 high=0
                                                                [neo4j/cbad783c] LabelTokenStore[neostore.labeltokenstore.db]: used=0 high=-1
                                                                [neo4j/cbad783c] SchemaStore[neostore.schemastore.db]: used=1 high=0
                                                                [neo4j/cbad783c] RelationshipGroupStore[neostore.relationshipgroupstore.db]: used=1 high=0
                                                                [neo4j/cbad783c] NeoStore[neostore]: used=-1 high=-1
                                                                [neo4j/cbad783c] 
                                                                [neo4j/cbad783c] --------------------------------------------------------------------------------
                                                                [neo4j/cbad783c]                                   [ Metadata ]                                  
                                                                [neo4j/cbad783c] --------------------------------------------------------------------------------
                                                                [neo4j/cbad783c] EXTERNAL_STORE_UUID (Database identifier exposed as external store identity. Generated on creation and never updated): be8382a0-64cf-4411-b72b-9ff9c1d2a1df
                                                                [neo4j/cbad783c] DATABASE_ID (The last used DatabaseId for this database): null
                                                                [neo4j/cbad783c] LEGACY_STORE_VERSION (Legacy store format version. This field is used from 5.0 onwards only to distinguish non-migrated pre 5.0 metadata stores.): -3523014627327384477
                                                                [neo4j/cbad783c] STORE_ID (Store ID): StoreId{creationTime=1765782256058, random=-5213755171043523964, storageEngineName='record', formatName='aligned', majorVersion=1, minorVersion=1}
                                                                [neo4j/cbad783c] 
2025-12-15 07:04:16.066+0000 INFO  [o.n.k.a.DatabaseAvailabilityGuard] [neo4j/cbad783c] Requirement `Database unavailable` makes database neo4j unavailable.
2025-12-15 07:04:16.066+0000 INFO  [o.n.k.a.DatabaseAvailabilityGuard] [neo4j/cbad783c] DatabaseId{cbad783c[neo4j]} is unavailable.
2025-12-15 07:04:16.068+0000 WARN  [o.n.k.i.s.MetaDataStore] [neo4j/cbad783c] Missing counts store, rebuilding it.
2025-12-15 07:04:16.068+0000 WARN  [o.n.k.i.s.MetaDataStore] [neo4j/cbad783c] Counts store rebuild completed.
2025-12-15 07:04:16.112+0000 INFO  [o.n.k.d.Database] [neo4j/cbad783c] Starting transaction log [/var/lib/neo4j/data/transactions/neo4j/neostore.transaction.db.0] at version=0
2025-12-15 07:04:16.114+0000 INFO  [o.n.k.d.Database] [neo4j/cbad783c] Starting transaction log [/var/lib/neo4j/data/transactions/neo4j/checkpoint.0] at version=0
2025-12-15 07:04:16.115+0000 INFO  [o.n.k.i.t.l.f.c.CheckpointLogFile] [neo4j/cbad783c] Scanning log file with version 0 for checkpoint entries
2025-12-15 07:04:16.116+0000 INFO  [o.n.k.a.DatabaseAvailabilityGuard] [neo4j/cbad783c] Fulfilling of requirement 'Database unavailable' makes database neo4j available.
2025-12-15 07:04:16.116+0000 INFO  [o.n.k.a.DatabaseAvailabilityGuard] [neo4j/cbad783c] DatabaseId{cbad783c[neo4j]} is ready.
2025-12-15 07:04:16.119+0000 INFO  [o.n.k.i.a.i.IndexPopulationJob] [neo4j/cbad783c] Index population started: [Index( id=2, name='index_f7700477', type='LOOKUP', schema=()-[:<any-types>]-(), indexProvider='token-lookup-1.0' )]
2025-12-15 07:04:16.123+0000 INFO  [o.n.k.i.a.i.IndexPopulationJob] [neo4j/cbad783c] Index creation finished for index [Index( id=2, name='index_f7700477', type='LOOKUP', schema=()-[:<any-types>]-(), indexProvider='token-lookup-1.0' )].
2025-12-15 07:04:16.124+0000 INFO  [o.n.k.i.a.i.IndexPopulationJob] [neo4j/cbad783c] Index population started: [Index( id=1, name='index_343aff4e', type='LOOKUP', schema=(:<any-labels>), indexProvider='token-lookup-1.0' )]
2025-12-15 07:04:16.127+0000 INFO  [o.n.k.i.a.i.IndexPopulationJob] [neo4j/cbad783c] Index creation finished for index [Index( id=1, name='index_343aff4e', type='LOOKUP', schema=(:<any-labels>), indexProvider='token-lookup-1.0' )].
2025-12-15 07:04:16.128+0000 INFO  [o.n.k.i.t.l.c.CheckPointerImpl] [neo4j/cbad783c] Checkpoint triggered by "Database init completed." @ txId: 3 checkpoint started...
2025-12-15 07:04:16.137+0000 INFO  [o.n.k.i.t.l.c.CheckPointerImpl] [neo4j/cbad783c] Checkpoint triggered by "Database init completed." @ txId: 3 checkpoint completed in 8ms. Checkpoint flushed 74 pages (0% of total available pages), in 58 IOs. Checkpoint performed with IO limit: unlimited, paused in total 0 times( 0 millis).
2025-12-15 07:04:16.137+0000 INFO  [o.n.k.i.t.l.p.LogPruningImpl] [neo4j/cbad783c] No log version pruned. The strategy used was '2 days 2147483648 size'. 
2025-12-15 07:04:16.167+0000 INFO  [o.n.b.p.c.c.n.SocketNettyConnector] Bolt enabled on 0.0.0.0:7687.
2025-12-15 07:04:16.167+0000 INFO  [o.n.b.BoltServer] Bolt server started
2025-12-15 07:04:16.167+0000 INFO  [o.n.s.A.ServerComponentsLifecycleAdapter] Starting web server
2025-12-15 07:04:16.405+0000 INFO  [o.n.s.CommunityNeoWebServer] HTTP enabled on 0.0.0.0:7474.
2025-12-15 07:04:16.405+0000 INFO  [o.n.s.CommunityNeoWebServer] Remote interface available at http://localhost:7474/
2025-12-15 07:04:16.406+0000 INFO  [o.n.s.A.ServerComponentsLifecycleAdapter] Web server started.
2025-12-15 07:04:16.407+0000 INFO  [o.n.g.f.DatabaseManagementServiceFactory] id: 19C016E9513C6A298343EAC192079FF37CF76536355F436E5102FBB48DAF786D
2025-12-15 07:04:16.407+0000 INFO  [o.n.g.f.DatabaseManagementServiceFactory] name: system
2025-12-15 07:04:16.407+0000 INFO  [o.n.g.f.DatabaseManagementServiceFactory] creationDate: 2025-12-15T07:04:14.666Z
2025-12-15 07:19:15.190+0000 INFO  [o.n.k.i.t.l.c.CheckPointerImpl] [system/00000000] Checkpoint triggered by "Scheduled checkpoint for every 15 minutes threshold" @ txId: 37 checkpoint started...
2025-12-15 07:19:15.218+0000 INFO  [o.n.k.i.t.l.c.CheckPointerImpl] [system/00000000] Checkpoint triggered by "Scheduled checkpoint for every 15 minutes threshold" @ txId: 37 checkpoint completed in 25ms. Checkpoint flushed 69 pages (0% of total available pages), in 69 IOs. Checkpoint performed with IO limit: unlimited, paused in total 0 times( 0 millis).
2025-12-15 07:19:15.218+0000 INFO  [o.n.k.i.t.l.p.LogPruningImpl] [system/00000000] No log version pruned. The strategy used was '2 days 2147483648 size'. 
2025-12-15 12:20:15.735+0000 INFO  [o.n.k.i.t.l.c.CheckPointerImpl] [neo4j/cbad783c] Checkpoint triggered by "Scheduled checkpoint for every 15 minutes threshold" @ txId: 7 checkpoint started...
2025-12-15 12:20:15.758+0000 INFO  [o.n.k.i.t.l.c.CheckPointerImpl] [neo4j/cbad783c] Checkpoint triggered by "Scheduled checkpoint for every 15 minutes threshold" @ txId: 7 checkpoint completed in 20ms. Checkpoint flushed 42 pages (0% of total available pages), in 42 IOs. Checkpoint performed with IO limit: unlimited, paused in total 0 times( 0 millis).
2025-12-15 12:20:15.759+0000 INFO  [o.n.k.i.t.l.p.LogPruningImpl] [neo4j/cbad783c] No log version pruned. The strategy used was '2 days 2147483648 size'. 
2025-12-15 12:24:58.533+0000 INFO  [o.n.c.i.c.CypherQueryCaches] [neo4j/cbad783c] Discarded stale query from the query cache after 26 seconds. Reason: IndexPropertyExistsSelectivity(IndexDescriptor(Range,Node(LabelId(0)),List(PropertyKeyId(10)),Set(),NONE,DoNotGetValue,None,false)) changed from 0.1 to 0.0, which is a divergence of 1.0 which is greater than threshold 0.7467360756053824. Query id: 7591.
2025-12-15 12:25:50.804+0000 INFO  [o.n.c.i.c.CypherQueryCaches] [neo4j/cbad783c] Discarded stale query from the query cache after 52 seconds. Reason: IndexPropertyExistsSelectivity(IndexDescriptor(Range,Node(LabelId(0)),List(PropertyKeyId(10)),Set(),NONE,DoNotGetValue,None,false)) changed from 0.0 to 0.1, which is a divergence of 1.0 which is greater than threshold 0.7419123309187001. Query id: 7637.
2025-12-15 12:30:22.126+0000 INFO  [o.n.c.i.c.CypherQueryCaches] [neo4j/cbad783c] Discarded stale query from the query cache after 18685 seconds. Reason: NodesAllCardinality changed from 10.0 to 15.0, which is a divergence of 0.3333333333333333 which is greater than threshold 0.1288894537412868. Query id: 7773.
2025-12-15 12:30:22.144+0000 INFO  [o.n.c.i.c.CypherQueryCaches] [neo4j/cbad783c] Discarded stale query from the query cache after 18685 seconds. Reason: NodesAllCardinality changed from 10.0 to 15.0, which is a divergence of 0.3333333333333333 which is greater than threshold 0.1288895794837016. Query id: 7775.
2025-12-15 12:30:31.875+0000 INFO  [o.n.c.i.c.CypherQueryCaches] [neo4j/cbad783c] Discarded stale query from the query cache after 19569 seconds. Reason: NodesAllCardinality changed from 10.0 to 15.0, which is a divergence of 0.3333333333333333 which is greater than threshold 0.12402829118639075. Query id: 7776.
2025-12-15 12:30:31.890+0000 INFO  [o.n.c.i.c.CypherQueryCaches] [neo4j/cbad783c] Discarded stale query from the query cache after 19568 seconds. Reason: NodesAllCardinality changed from 10.0 to 15.0, which is a divergence of 0.3333333333333333 which is greater than threshold 0.1240290639043528. Query id: 7778.
2025-12-15 12:35:15.991+0000 INFO  [o.n.k.i.t.l.c.CheckPointerImpl] [neo4j/cbad783c] Checkpoint triggered by "Scheduled checkpoint for every 15 minutes threshold" @ txId: 18 checkpoint started...
2025-12-15 12:35:16.016+0000 INFO  [o.n.k.i.t.l.c.CheckPointerImpl] [neo4j/cbad783c] Checkpoint triggered by "Scheduled checkpoint for every 15 minutes threshold" @ txId: 18 checkpoint completed in 23ms. Checkpoint flushed 51 pages (0% of total available pages), in 50 IOs. Checkpoint performed with IO limit: unlimited, paused in total 0 times( 0 millis).
2025-12-15 12:35:16.017+0000 INFO  [o.n.k.i.t.l.p.LogPruningImpl] [neo4j/cbad783c] No log version pruned. The strategy used was '2 days 2147483648 size'. 
2025-12-15 12:42:59.640+0000 INFO  [o.n.c.i.c.CypherQueryCaches] [neo4j/cbad783c] Discarded stale query from the query cache after 757 seconds. Reason: CardinalityByLabelsAndRelationshipType(None,None,None) changed from 3.0 to 22.0, which is a divergence of 0.8636363636363636 which is greater than threshold 0.628731852595635. Query id: 8281.
2025-12-15 12:43:09.651+0000 INFO  [o.n.c.i.c.CypherQueryCaches] [neo4j/cbad783c] Discarded stale query from the query cache after 312 seconds. Reason: CardinalityByLabelsAndRelationshipType(None,None,None) changed from 3.0 to 22.0, which is a divergence of 0.8636363636363636 which is greater than threshold 0.6956693940429601. Query id: 8291.
2025-12-15 12:45:33.411+0000 INFO  [o.n.c.i.c.CypherQueryCaches] [neo4j/cbad783c] Discarded stale query from the query cache after 153 seconds. Reason: CardinalityByLabelsAndRelationshipType(None,None,None) changed from 22.0 to 3.0, which is a divergence of 0.8636363636363636 which is greater than threshold 0.7231737561172156. Query id: 8387.
2025-12-15 12:45:45.535+0000 INFO  [o.n.c.i.c.CypherQueryCaches] [neo4j/cbad783c] Discarded stale query from the query cache after 12 seconds. Reason: CardinalityByLabelsAndRelationshipType(None,None,None) changed from 3.0 to 22.0, which is a divergence of 0.8636363636363636 which is greater than threshold 0.7495924555984261. Query id: 8403.
2025-12-15 12:49:23.548+0000 INFO  [o.n.c.i.c.CypherQueryCaches] [neo4j/cbad783c] Discarded stale query from the query cache after 218 seconds. Reason: CardinalityByLabelsAndRelationshipType(None,None,None) changed from 22.0 to 3.0, which is a divergence of 0.8636363636363636 which is greater than threshold 0.7117957009009034. Query id: 8526.
2025-12-15 12:49:25.311+0000 INFO  [o.n.c.i.c.CypherQueryCaches] [neo4j/cbad783c] Discarded stale query from the query cache after 24 seconds. Reason: CardinalityByLabelsAndRelationshipType(Some(LabelId(0)),Some(RelTypeId(0)),Some(LabelId(1))) changed from 22.0 to 3.0, which is a divergence of 0.8636363636363636 which is greater than threshold 0.7471410952971794. Query id: 8527.
2025-12-15 12:49:39.570+0000 INFO  [o.n.c.i.c.CypherQueryCaches] [neo4j/cbad783c] Discarded stale query from the query cache after 16 seconds. Reason: CardinalityByLabelsAndRelationshipType(None,None,None) changed from 3.0 to 22.0, which is a divergence of 0.8636363636363636 which is greater than threshold 0.7488381118228844. Query id: 8552.
2025-12-15 12:50:16.303+0000 INFO  [o.n.k.i.t.l.c.CheckPointerImpl] [neo4j/cbad783c] Checkpoint triggered by "Scheduled checkpoint for every 15 minutes threshold" @ txId: 29 checkpoint started...
2025-12-15 12:50:16.315+0000 INFO  [o.n.k.i.t.l.c.CheckPointerImpl] [neo4j/cbad783c] Checkpoint triggered by "Scheduled checkpoint for every 15 minutes threshold" @ txId: 29 checkpoint completed in 11ms. Checkpoint flushed 61 pages (0% of total available pages), in 57 IOs. Checkpoint performed with IO limit: unlimited, paused in total 0 times( 0 millis).
2025-12-15 12:50:16.316+0000 INFO  [o.n.k.i.t.l.p.LogPruningImpl] [neo4j/cbad783c] No log version pruned. The strategy used was '2 days 2147483648 size'. 
2025-12-15 12:52:17.978+0000 INFO  [o.n.c.i.c.CypherQueryCaches] [neo4j/cbad783c] Discarded stale query from the query cache after 158 seconds. Reason: CardinalityByLabelsAndRelationshipType(None,None,None) changed from 22.0 to 3.0, which is a divergence of 0.8636363636363636 which is greater than threshold 0.7223400122972723. Query id: 8649.
2025-12-15 12:52:29.153+0000 INFO  [o.n.c.i.c.CypherQueryCaches] [neo4j/cbad783c] Discarded stale query from the query cache after 11 seconds. Reason: CardinalityByLabelsAndRelationshipType(None,None,None) changed from 3.0 to 22.0, which is a divergence of 0.8636363636363636 which is greater than threshold 0.7497759601567249. Query id: 8666.
2025-12-15 13:16:53.443+0000 INFO  [o.n.k.i.t.l.c.CheckPointerImpl] [neo4j/cbad783c] Checkpoint triggered by "Scheduled checkpoint for every 15 minutes threshold" @ txId: 31 checkpoint started...
2025-12-15 13:16:53.466+0000 INFO  [o.n.k.i.t.l.c.CheckPointerImpl] [neo4j/cbad783c] Checkpoint triggered by "Scheduled checkpoint for every 15 minutes threshold" @ txId: 31 checkpoint completed in 19ms. Checkpoint flushed 37 pages (0% of total available pages), in 35 IOs. Checkpoint performed with IO limit: unlimited, paused in total 0 times( 0 millis).
2025-12-15 13:16:53.467+0000 INFO  [o.n.k.i.t.l.p.LogPruningImpl] [neo4j/cbad783c] No log version pruned. The strategy used was '2 days 2147483648 size'. 
2025-12-21 10:43:22.763+0000 INFO  [o.n.c.i.c.CypherQueryCaches] [neo4j/cbad783c] Discarded stale query from the query cache after 512402 seconds. Reason: NodesAllCardinality changed from 10.0 to 19.0, which is a divergence of 0.47368421052631576 which is greater than threshold 0.005629906773297226. Query id: 201248.
2025-12-21 10:43:22.801+0000 INFO  [o.n.c.i.c.CypherQueryCaches] [neo4j/cbad783c] Discarded stale query from the query cache after 512409 seconds. Reason: CardinalityByLabelsAndRelationshipType(None,None,None) changed from 3.0 to 22.0, which is a divergence of 0.8636363636363636 which is greater than threshold 0.005629827549466217. Query id: 201249.
2025-12-21 10:43:24.594+0000 INFO  [o.n.c.i.c.CypherQueryCaches] [neo4j/cbad783c] Discarded stale query from the query cache after 512476 seconds. Reason: NodesAllCardinality changed from 10.0 to 19.0, which is a divergence of 0.47368421052631576 which is greater than threshold 0.00562909259165673. Query id: 201255.
